05/27/23 16:10:25
['第1章 绪论.pdf', '第2章 语料库 第3章 正则表达式.pdf', '第4章 中文分词技术.pdf', '第5章 词性标注与命名实体识别.pdf']
['第1章 绪论.pdf', '第2章 语料库 第3章 正则表达式.pdf', '第4章 中文分词技术.pdf', '第5章 词性标注与命名实体识别.pdf']
--------
05/27/23 16:20:25
['uploadedToServer.log', '第1章 绪论.pdf', '第2章 语料库 第3章 正则表达式.pdf', '第4章 中文分词技术.pdf', '第5章 词性标注与命名实体识别.pdf']
['第1章 绪论.pdf', '第2章 语料库 第3章 正则表达式.pdf', '第4章 中文分词技术.pdf', '第5章 词性标注与命名实体识别.pdf']
scp -P 15328 -r  "E:/shareWithPhone/uploadedToServer.log"  root@165.3.2.57:/share
--------
05/27/23 16:30:25
['uploadedToServer.log', '第1章 绪论.pdf', '第2章 语料库 第3章 正则表达式.pdf', '第4章 中文分词技术.pdf', '第5章 词性标注与命名实体识别.pdf']
['uploadedToServer.log', '第1章 绪论.pdf', '第2章 语料库 第3章 正则表达式.pdf', '第4章 中文分词技术.pdf', '第5章 词性标注与命名实体识别.pdf']
--------
Command 'ssh -p 15328 root@165.3.2.57 "rm -rf  '/share/uploadedToServer.log' "' timed out after 1800 seconds 8
05/27/23 16:00:27
['第1章 绪论.pdf', '第2章 语料库 第3章 正则表达式.pdf', '第4章 中文分词技术.pdf', '第5章 词性标注与命名实体识别.pdf']
['uploadedToServer.log', '第1章 绪论.pdf', '第2章 语料库 第3章 正则表达式.pdf', '第4章 中文分词技术.pdf', '第5章 词性标注与命名实体识别.pdf']
ssh -p 15328 root@165.3.2.57 "rm -rf  '/share/uploadedToServer.log' "
--------
05/27/23 16:49:01
['uploadedToServer.log', '第1章 绪论.pdf', '第2章 语料库 第3章 正则表达式.pdf', '第4章 中文分词技术.pdf', '第5章 词性标注与命名实体识别.pdf']
['uploadedToServer.log', '第1章 绪论.pdf', '第2章 语料库 第3章 正则表达式.pdf', '第4章 中文分词技术.pdf', '第5章 词性标注与命名实体识别.pdf']
--------
05/27/23 16:59:01
['uploadedToServer.log', '第1章 绪论.pdf', '第2章 语料库 第3章 正则表达式.pdf', '第4章 中文分词技术.pdf', '第5章 词性标注与命名实体识别.pdf']
['uploadedToServer.log', '第1章 绪论.pdf', '第2章 语料库 第3章 正则表达式.pdf', '第4章 中文分词技术.pdf', '第5章 词性标注与命名实体识别.pdf']
--------
05/27/23 17:19:01
['uploadedToServer.log', '第1章 绪论.pdf', '第2章 语料库 第3章 正则表达式.pdf', '第4章 中文分词技术.pdf', '第5章 词性标注与命名实体识别.pdf']
['uploadedToServer.log', '第1章 绪论.pdf', '第2章 语料库 第3章 正则表达式.pdf', '第4章 中文分词技术.pdf', '第5章 词性标注与命名实体识别.pdf']
--------
05/27/23 17:29:01
['uploadedToServer.log', '第1章 绪论.pdf', '第2章 语料库 第3章 正则表达式.pdf', '第4章 中文分词技术.pdf', '第5章 词性标注与命名实体识别.pdf']
['uploadedToServer.log', '第1章 绪论.pdf', '第2章 语料库 第3章 正则表达式.pdf', '第4章 中文分词技术.pdf', '第5章 词性标注与命名实体识别.pdf']
--------
Command 'ssh -p 15328 root@165.3.2.57 "ls /share" ' timed out after 1800 seconds 8
05/27/23 17:39:01
['uploadedToServer.log', '第1章 绪论.pdf', '第2章 语料库 第3章 正则表达式.pdf', '第4章 中文分词技术.pdf', '第5章 词性标注与命名实体识别.pdf']
['uploadedToServer.log', '第1章 绪论.pdf', '第2章 语料库 第3章 正则表达式.pdf', '第4章 中文分词技术.pdf', '第5章 词性标注与命名实体识别.pdf']
--------
05/27/23 17:09:00
['uploadedToServer.log', '第1章 绪论.pdf', '第2章 语料库 第3章 正则表达式.pdf', '第4章 中文分词技术.pdf', '第5章 词性标注与命名实体识别.pdf']
[]
scp -P 15328 -r  "E:/shareWithPhone/uploadedToServer.log"  "E:/shareWithPhone/第1章 绪论.pdf"  "E:/shareWithPhone/第2章 语料库 第3章 正则表达式.pdf"  "E:/shareWithPhone/第4章 中文分词技术.pdf"  "E:/shareWithPhone/第5章 词性标注与命名实体识别.pdf"  root@165.3.2.57:/share
--------
05/27/23 17:49:02
['uploadedToServer.log', '第1章 绪论.pdf', '第2章 语料库 第3章 正则表达式.pdf', '第4章 中文分词技术.pdf', '第5章 词性标注与命名实体识别.pdf']
['uploadedToServer.log', '第1章 绪论.pdf', '第2章 语料库 第3章 正则表达式.pdf', '第4章 中文分词技术.pdf', '第5章 词性标注与命名实体识别.pdf']
--------
05/31/23 16:33:30
['uploadedToServer.log', '第1章 绪论.pdf', '第2章 语料库 第3章 正则表达式.pdf', '第4章 中文分词技术.pdf', '第5章 词性标注与命名实体识别.pdf']
['uploadedToServer.log', '第1章 绪论.pdf', '第2章 语料库 第3章 正则表达式.pdf', '第4章 中文分词技术.pdf', '第5章 词性标注与命名实体识别.pdf']
--------
05/31/23 16:53:26
['uploadedToServer.log', '第1章 绪论.pdf', '第2章 语料库 第3章 正则表达式.pdf', '第4章 中文分词技术.pdf', '第5章 词性标注与命名实体识别.pdf']
['uploadedToServer.log', '第1章 绪论.pdf', '第2章 语料库 第3章 正则表达式.pdf', '第4章 中文分词技术.pdf', '第5章 词性标注与命名实体识别.pdf']
--------
Command 'ssh -p 15328 root@165.3.2.57 "ls /share" ' timed out after 1800 seconds 8
05/31/23 17:13:26
['uploadedToServer.log', '第1章 绪论.pdf', '第2章 语料库 第3章 正则表达式.pdf', '第4章 中文分词技术.pdf', '第5章 词性标注与命名实体识别.pdf']
['uploadedToServer.log', '第1章 绪论.pdf', '第2章 语料库 第3章 正则表达式.pdf', '第4章 中文分词技术.pdf', '第5章 词性标注与命名实体识别.pdf']
--------
05/31/23 19:57:02
['uploadedToServer.log', '第1章 绪论.pdf', '第2章 语料库 第3章 正则表达式.pdf', '第4章 中文分词技术.pdf', '第5章 词性标注与命名实体识别.pdf']
['uploadedToServer.log', '第1章 绪论.pdf', '第2章 语料库 第3章 正则表达式.pdf', '第4章 中文分词技术.pdf', '第5章 词性标注与命名实体识别.pdf']
--------
05/31/23 20:03:26
['uploadedToServer.log', '第1章 绪论.pdf', '第2章 语料库 第3章 正则表达式.pdf', '第4章 中文分词技术.pdf', '第5章 词性标注与命名实体识别.pdf']
['uploadedToServer.log', '第1章 绪论.pdf', '第2章 语料库 第3章 正则表达式.pdf', '第4章 中文分词技术.pdf', '第5章 词性标注与命名实体识别.pdf']
--------
05/31/23 20:13:26
['uploadedToServer.log', '第1章 绪论.pdf', '第2章 语料库 第3章 正则表达式.pdf', '第4章 中文分词技术.pdf', '第5章 词性标注与命名实体识别.pdf']
['uploadedToServer.log', '第1章 绪论.pdf', '第2章 语料库 第3章 正则表达式.pdf', '第4章 中文分词技术.pdf', '第5章 词性标注与命名实体识别.pdf']
--------
05/31/23 20:23:27
['uploadedToServer.log', '第1章 绪论.pdf', '第2章 语料库 第3章 正则表达式.pdf', '第4章 中文分词技术.pdf', '第5章 词性标注与命名实体识别.pdf']
['uploadedToServer.log', '第1章 绪论.pdf', '第2章 语料库 第3章 正则表达式.pdf', '第4章 中文分词技术.pdf', '第5章 词性标注与命名实体识别.pdf']
--------
05/31/23 20:33:27
['uploadedToServer.log', '第1章 绪论.pdf', '第2章 语料库 第3章 正则表达式.pdf', '第4章 中文分词技术.pdf', '第5章 词性标注与命名实体识别.pdf']
['uploadedToServer.log', '第1章 绪论.pdf', '第2章 语料库 第3章 正则表达式.pdf', '第4章 中文分词技术.pdf', '第5章 词性标注与命名实体识别.pdf']
--------
05/31/23 20:43:27
['uploadedToServer.log', '第1章 绪论.pdf', '第2章 语料库 第3章 正则表达式.pdf', '第4章 中文分词技术.pdf', '第5章 词性标注与命名实体识别.pdf']
['uploadedToServer.log', '第1章 绪论.pdf', '第2章 语料库 第3章 正则表达式.pdf', '第4章 中文分词技术.pdf', '第5章 词性标注与命名实体识别.pdf']
--------
05/31/23 21:18:14
['uploadedToServer.log', '第1章 绪论.pdf', '第2章 语料库 第3章 正则表达式.pdf', '第4章 中文分词技术.pdf', '第5章 词性标注与命名实体识别.pdf']
['uploadedToServer.log', '第1章 绪论.pdf', '第2章 语料库 第3章 正则表达式.pdf', '第4章 中文分词技术.pdf', '第5章 词性标注与命名实体识别.pdf']
--------
05/31/23 22:03:42
['uploadedToServer.log', '第1章 绪论.pdf', '第2章 语料库 第3章 正则表达式.pdf', '第4章 中文分词技术.pdf', '第5章 词性标注与命名实体识别.pdf']
['uploadedToServer.log', '第1章 绪论.pdf', '第2章 语料库 第3章 正则表达式.pdf', '第4章 中文分词技术.pdf', '第5章 词性标注与命名实体识别.pdf']
--------
06/01/23 05:38:44
['uploadedToServer.log', '第1章 绪论.pdf', '第2章 语料库 第3章 正则表达式.pdf', '第4章 中文分词技术.pdf', '第5章 词性标注与命名实体识别.pdf']
['uploadedToServer.log', '第1章 绪论.pdf', '第2章 语料库 第3章 正则表达式.pdf', '第4章 中文分词技术.pdf', '第5章 词性标注与命名实体识别.pdf']
--------
06/01/23 05:49:15
['uploadedToServer.log', '第1章 绪论.pdf', '第2章 语料库 第3章 正则表达式.pdf', '第4章 中文分词技术.pdf', '第5章 词性标注与命名实体识别.pdf']
['uploadedToServer.log', '第1章 绪论.pdf', '第2章 语料库 第3章 正则表达式.pdf', '第4章 中文分词技术.pdf', '第5章 词性标注与命名实体识别.pdf']
--------
06/01/23 05:53:26
['uploadedToServer.log', '第1章 绪论.pdf', '第2章 语料库 第3章 正则表达式.pdf', '第4章 中文分词技术.pdf', '第5章 词性标注与命名实体识别.pdf']
['uploadedToServer.log', '第1章 绪论.pdf', '第2章 语料库 第3章 正则表达式.pdf', '第4章 中文分词技术.pdf', '第5章 词性标注与命名实体识别.pdf']
--------
06/01/23 06:03:26
['uploadedToServer.log', '第1章 绪论.pdf', '第2章 语料库 第3章 正则表达式.pdf', '第4章 中文分词技术.pdf', '第5章 词性标注与命名实体识别.pdf']
['uploadedToServer.log', '第1章 绪论.pdf', '第2章 语料库 第3章 正则表达式.pdf', '第4章 中文分词技术.pdf', '第5章 词性标注与命名实体识别.pdf']
--------
Command 'ssh -p 15328 root@165.3.2.57 "ls /share" ' timed out after 1800 seconds 8
06/01/23 02:37:22
['uploadedToServer.log', '第1章 绪论.pdf', '第2章 语料库 第3章 正则表达式.pdf', '第4章 中文分词技术.pdf', '第5章 词性标注与命名实体识别.pdf']
[]
scp -P 15328 -r  "E:/shareWithPhone/uploadedToServer.log"  "E:/shareWithPhone/第1章 绪论.pdf"  "E:/shareWithPhone/第2章 语料库 第3章 正则表达式.pdf"  "E:/shareWithPhone/第4章 中文分词技术.pdf"  "E:/shareWithPhone/第5章 词性标注与命名实体识别.pdf"  root@165.3.2.57:/share
--------
06/01/23 06:13:26
['uploadedToServer.log', '第1章 绪论.pdf', '第2章 语料库 第3章 正则表达式.pdf', '第4章 中文分词技术.pdf', '第5章 词性标注与命名实体识别.pdf']
['uploadedToServer.log', '第1章 绪论.pdf', '第2章 语料库 第3章 正则表达式.pdf', '第4章 中文分词技术.pdf', '第5章 词性标注与命名实体识别.pdf']
--------
06/01/23 06:23:26
['uploadedToServer.log', '第1章 绪论.pdf', '第2章 语料库 第3章 正则表达式.pdf', '第4章 中文分词技术.pdf', '第5章 词性标注与命名实体识别.pdf']
['uploadedToServer.log', '第1章 绪论.pdf', '第2章 语料库 第3章 正则表达式.pdf', '第4章 中文分词技术.pdf', '第5章 词性标注与命名实体识别.pdf']
--------
06/01/23 06:43:26
['uploadedToServer.log', '第1章 绪论.pdf', '第2章 语料库 第3章 正则表达式.pdf', '第4章 中文分词技术.pdf', '第5章 词性标注与命名实体识别.pdf']
['uploadedToServer.log', '第1章 绪论.pdf', '第2章 语料库 第3章 正则表达式.pdf', '第4章 中文分词技术.pdf', '第5章 词性标注与命名实体识别.pdf']
--------
06/01/23 06:53:26
['uploadedToServer.log', '第1章 绪论.pdf', '第2章 语料库 第3章 正则表达式.pdf', '第4章 中文分词技术.pdf', '第5章 词性标注与命名实体识别.pdf']
['uploadedToServer.log', '第1章 绪论.pdf', '第2章 语料库 第3章 正则表达式.pdf', '第4章 中文分词技术.pdf', '第5章 词性标注与命名实体识别.pdf']
--------
Command 'ssh -p 15328 root@165.3.2.57 "ls /share" ' timed out after 1800 seconds 8
06/01/23 07:03:26
['uploadedToServer.log', '第1章 绪论.pdf', '第2章 语料库 第3章 正则表达式.pdf', '第4章 中文分词技术.pdf', '第5章 词性标注与命名实体识别.pdf']
['uploadedToServer.log', '第1章 绪论.pdf', '第2章 语料库 第3章 正则表达式.pdf', '第4章 中文分词技术.pdf', '第5章 词性标注与命名实体识别.pdf']
--------
06/01/23 07:13:26
['uploadedToServer.log', '第1章 绪论.pdf', '第2章 语料库 第3章 正则表达式.pdf', '第4章 中文分词技术.pdf', '第5章 词性标注与命名实体识别.pdf']
['uploadedToServer.log', '第1章 绪论.pdf', '第2章 语料库 第3章 正则表达式.pdf', '第4章 中文分词技术.pdf', '第5章 词性标注与命名实体识别.pdf']
--------
06/01/23 07:23:27
['uploadedToServer.log', '第1章 绪论.pdf', '第2章 语料库 第3章 正则表达式.pdf', '第4章 中文分词技术.pdf', '第5章 词性标注与命名实体识别.pdf']
['uploadedToServer.log', '第1章 绪论.pdf', '第2章 语料库 第3章 正则表达式.pdf', '第4章 中文分词技术.pdf', '第5章 词性标注与命名实体识别.pdf']
--------
Command 'ssh -p 15328 root@165.3.2.57 "ls /share" ' timed out after 1800 seconds 8
06/01/23 07:03:13
['uploadedToServer.log', '第1章 绪论.pdf', '第2章 语料库 第3章 正则表达式.pdf', '第4章 中文分词技术.pdf', '第5章 词性标注与命名实体识别.pdf']
[]
scp -P 15328 -r  "E:/shareWithPhone/uploadedToServer.log"  "E:/shareWithPhone/第1章 绪论.pdf"  "E:/shareWithPhone/第2章 语料库 第3章 正则表达式.pdf"  "E:/shareWithPhone/第4章 中文分词技术.pdf"  "E:/shareWithPhone/第5章 词性标注与命名实体识别.pdf"  root@165.3.2.57:/share
--------
06/01/23 07:33:26
['uploadedToServer.log', '第1章 绪论.pdf', '第2章 语料库 第3章 正则表达式.pdf', '第4章 中文分词技术.pdf', '第5章 词性标注与命名实体识别.pdf']
['uploadedToServer.log', '第1章 绪论.pdf', '第2章 语料库 第3章 正则表达式.pdf', '第4章 中文分词技术.pdf', '第5章 词性标注与命名实体识别.pdf']
--------
06/01/23 07:43:26
['uploadedToServer.log', '第1章 绪论.pdf', '第2章 语料库 第3章 正则表达式.pdf', '第4章 中文分词技术.pdf', '第5章 词性标注与命名实体识别.pdf']
['uploadedToServer.log', '第1章 绪论.pdf', '第2章 语料库 第3章 正则表达式.pdf', '第4章 中文分词技术.pdf', '第5章 词性标注与命名实体识别.pdf']
--------
06/01/23 07:53:26
['uploadedToServer.log', '第1章 绪论.pdf', '第2章 语料库 第3章 正则表达式.pdf', '第4章 中文分词技术.pdf', '第5章 词性标注与命名实体识别.pdf']
['uploadedToServer.log', '第1章 绪论.pdf', '第2章 语料库 第3章 正则表达式.pdf', '第4章 中文分词技术.pdf', '第5章 词性标注与命名实体识别.pdf']
--------
06/01/23 08:03:26
['uploadedToServer.log', '第1章 绪论.pdf', '第2章 语料库 第3章 正则表达式.pdf', '第4章 中文分词技术.pdf', '第5章 词性标注与命名实体识别.pdf']
['uploadedToServer.log', '第1章 绪论.pdf', '第2章 语料库 第3章 正则表达式.pdf', '第4章 中文分词技术.pdf', '第5章 词性标注与命名实体识别.pdf']
--------
06/01/23 08:23:26
['uploadedToServer.log', '第1章 绪论.pdf', '第2章 语料库 第3章 正则表达式.pdf', '第4章 中文分词技术.pdf', '第5章 词性标注与命名实体识别.pdf']
['uploadedToServer.log', '第1章 绪论.pdf', '第2章 语料库 第3章 正则表达式.pdf', '第4章 中文分词技术.pdf', '第5章 词性标注与命名实体识别.pdf']
--------
06/01/23 08:33:26
['uploadedToServer.log', '第1章 绪论.pdf', '第2章 语料库 第3章 正则表达式.pdf', '第4章 中文分词技术.pdf', '第5章 词性标注与命名实体识别.pdf']
['uploadedToServer.log', '第1章 绪论.pdf', '第2章 语料库 第3章 正则表达式.pdf', '第4章 中文分词技术.pdf', '第5章 词性标注与命名实体识别.pdf']
--------
Command 'ssh -p 15328 root@165.3.2.57 "ls /share" ' timed out after 1800 seconds 8
06/01/23 08:43:26
['uploadedToServer.log', '第1章 绪论.pdf', '第2章 语料库 第3章 正则表达式.pdf', '第4章 中文分词技术.pdf', '第5章 词性标注与命名实体识别.pdf']
['uploadedToServer.log', '第1章 绪论.pdf', '第2章 语料库 第3章 正则表达式.pdf', '第4章 中文分词技术.pdf', '第5章 词性标注与命名实体识别.pdf']
--------
06/01/23 09:03:26
['uploadedToServer.log', '第1章 绪论.pdf', '第2章 语料库 第3章 正则表达式.pdf', '第4章 中文分词技术.pdf', '第5章 词性标注与命名实体识别.pdf']
['uploadedToServer.log', '第1章 绪论.pdf', '第2章 语料库 第3章 正则表达式.pdf', '第4章 中文分词技术.pdf', '第5章 词性标注与命名实体识别.pdf']
--------
Command 'ssh -p 15328 root@165.3.2.57 "ls /share" ' timed out after 1800 seconds 8
06/01/23 08:43:13
['uploadedToServer.log', '第1章 绪论.pdf', '第2章 语料库 第3章 正则表达式.pdf', '第4章 中文分词技术.pdf', '第5章 词性标注与命名实体识别.pdf']
[]
scp -P 15328 -r  "E:/shareWithPhone/uploadedToServer.log"  "E:/shareWithPhone/第1章 绪论.pdf"  "E:/shareWithPhone/第2章 语料库 第3章 正则表达式.pdf"  "E:/shareWithPhone/第4章 中文分词技术.pdf"  "E:/shareWithPhone/第5章 词性标注与命名实体识别.pdf"  root@165.3.2.57:/share
--------
06/01/23 09:13:26
['uploadedToServer.log', '第1章 绪论.pdf', '第2章 语料库 第3章 正则表达式.pdf', '第4章 中文分词技术.pdf', '第5章 词性标注与命名实体识别.pdf']
['uploadedToServer.log', '第1章 绪论.pdf', '第2章 语料库 第3章 正则表达式.pdf', '第4章 中文分词技术.pdf', '第5章 词性标注与命名实体识别.pdf']
--------
Command 'ssh -p 15328 root@165.3.2.57 "ls /share" ' timed out after 1800 seconds 8
06/01/23 09:23:26
['uploadedToServer.log', '第1章 绪论.pdf', '第2章 语料库 第3章 正则表达式.pdf', '第4章 中文分词技术.pdf', '第5章 词性标注与命名实体识别.pdf']
['uploadedToServer.log', '第1章 绪论.pdf', '第2章 语料库 第3章 正则表达式.pdf', '第4章 中文分词技术.pdf', '第5章 词性标注与命名实体识别.pdf']
--------
06/01/23 08:53:26
['uploadedToServer.log', '第1章 绪论.pdf', '第2章 语料库 第3章 正则表达式.pdf', '第4章 中文分词技术.pdf', '第5章 词性标注与命名实体识别.pdf']
[]
scp -P 15328 -r  "E:/shareWithPhone/uploadedToServer.log"  "E:/shareWithPhone/第1章 绪论.pdf"  "E:/shareWithPhone/第2章 语料库 第3章 正则表达式.pdf"  "E:/shareWithPhone/第4章 中文分词技术.pdf"  "E:/shareWithPhone/第5章 词性标注与命名实体识别.pdf"  root@165.3.2.57:/share
--------
06/01/23 09:33:26
['uploadedToServer.log', '第1章 绪论.pdf', '第2章 语料库 第3章 正则表达式.pdf', '第4章 中文分词技术.pdf', '第5章 词性标注与命名实体识别.pdf']
['uploadedToServer.log', '第1章 绪论.pdf', '第2章 语料库 第3章 正则表达式.pdf', '第4章 中文分词技术.pdf', '第5章 词性标注与命名实体识别.pdf']
--------
06/01/23 09:53:26
['uploadedToServer.log', '第1章 绪论.pdf', '第2章 语料库 第3章 正则表达式.pdf', '第4章 中文分词技术.pdf', '第5章 词性标注与命名实体识别.pdf']
['uploadedToServer.log', '第1章 绪论.pdf', '第2章 语料库 第3章 正则表达式.pdf', '第4章 中文分词技术.pdf', '第5章 词性标注与命名实体识别.pdf']
--------
06/01/23 10:03:26
['uploadedToServer.log', '第1章 绪论.pdf', '第2章 语料库 第3章 正则表达式.pdf', '第4章 中文分词技术.pdf', '第5章 词性标注与命名实体识别.pdf']
['uploadedToServer.log', '第1章 绪论.pdf', '第2章 语料库 第3章 正则表达式.pdf', '第4章 中文分词技术.pdf', '第5章 词性标注与命名实体识别.pdf']
--------
Command 'ssh -p 15328 root@165.3.2.57 "ls /share" ' timed out after 1800 seconds 8
06/01/23 10:13:26
['uploadedToServer.log', '第1章 绪论.pdf', '第2章 语料库 第3章 正则表达式.pdf', '第4章 中文分词技术.pdf', '第5章 词性标注与命名实体识别.pdf']
['uploadedToServer.log', '第1章 绪论.pdf', '第2章 语料库 第3章 正则表达式.pdf', '第4章 中文分词技术.pdf', '第5章 词性标注与命名实体识别.pdf']
--------
06/01/23 10:23:26
['uploadedToServer.log', '第1章 绪论.pdf', '第2章 语料库 第3章 正则表达式.pdf', '第4章 中文分词技术.pdf', '第5章 词性标注与命名实体识别.pdf']
['uploadedToServer.log', '第1章 绪论.pdf', '第2章 语料库 第3章 正则表达式.pdf', '第4章 中文分词技术.pdf', '第5章 词性标注与命名实体识别.pdf']
--------
06/01/23 10:33:26
['uploadedToServer.log', '第1章 绪论.pdf', '第2章 语料库 第3章 正则表达式.pdf', '第4章 中文分词技术.pdf', '第5章 词性标注与命名实体识别.pdf']
['uploadedToServer.log', '第1章 绪论.pdf', '第2章 语料库 第3章 正则表达式.pdf', '第4章 中文分词技术.pdf', '第5章 词性标注与命名实体识别.pdf']
--------
Command 'ssh -p 15328 root@165.3.2.57 "ls /share" ' timed out after 1800 seconds 8
06/01/23 10:13:13
['uploadedToServer.log', '第1章 绪论.pdf', '第2章 语料库 第3章 正则表达式.pdf', '第4章 中文分词技术.pdf', '第5章 词性标注与命名实体识别.pdf']
[]
scp -P 15328 -r  "E:/shareWithPhone/uploadedToServer.log"  "E:/shareWithPhone/第1章 绪论.pdf"  "E:/shareWithPhone/第2章 语料库 第3章 正则表达式.pdf"  "E:/shareWithPhone/第4章 中文分词技术.pdf"  "E:/shareWithPhone/第5章 词性标注与命名实体识别.pdf"  root@165.3.2.57:/share
--------
06/01/23 10:43:26
['uploadedToServer.log', '第1章 绪论.pdf', '第2章 语料库 第3章 正则表达式.pdf', '第4章 中文分词技术.pdf', '第5章 词性标注与命名实体识别.pdf']
['uploadedToServer.log', '第1章 绪论.pdf', '第2章 语料库 第3章 正则表达式.pdf', '第4章 中文分词技术.pdf', '第5章 词性标注与命名实体识别.pdf']
--------
06/01/23 10:53:26
['uploadedToServer.log', '第1章 绪论.pdf', '第2章 语料库 第3章 正则表达式.pdf', '第4章 中文分词技术.pdf', '第5章 词性标注与命名实体识别.pdf']
['uploadedToServer.log', '第1章 绪论.pdf', '第2章 语料库 第3章 正则表达式.pdf', '第4章 中文分词技术.pdf', '第5章 词性标注与命名实体识别.pdf']
--------
06/01/23 11:03:26
['uploadedToServer.log', '第1章 绪论.pdf', '第2章 语料库 第3章 正则表达式.pdf', '第4章 中文分词技术.pdf', '第5章 词性标注与命名实体识别.pdf']
['uploadedToServer.log', '第1章 绪论.pdf', '第2章 语料库 第3章 正则表达式.pdf', '第4章 中文分词技术.pdf', '第5章 词性标注与命名实体识别.pdf']
--------
06/01/23 11:13:26
['uploadedToServer.log', '第1章 绪论.pdf', '第2章 语料库 第3章 正则表达式.pdf', '第4章 中文分词技术.pdf', '第5章 词性标注与命名实体识别.pdf']
['uploadedToServer.log', '第1章 绪论.pdf', '第2章 语料库 第3章 正则表达式.pdf', '第4章 中文分词技术.pdf', '第5章 词性标注与命名实体识别.pdf']
--------
06/01/23 11:23:26
['uploadedToServer.log', '第1章 绪论.pdf', '第2章 语料库 第3章 正则表达式.pdf', '第4章 中文分词技术.pdf', '第5章 词性标注与命名实体识别.pdf']
['uploadedToServer.log', '第1章 绪论.pdf', '第2章 语料库 第3章 正则表达式.pdf', '第4章 中文分词技术.pdf', '第5章 词性标注与命名实体识别.pdf']
--------
06/01/23 11:33:26
['uploadedToServer.log', '第1章 绪论.pdf', '第2章 语料库 第3章 正则表达式.pdf', '第4章 中文分词技术.pdf', '第5章 词性标注与命名实体识别.pdf']
['uploadedToServer.log', '第1章 绪论.pdf', '第2章 语料库 第3章 正则表达式.pdf', '第4章 中文分词技术.pdf', '第5章 词性标注与命名实体识别.pdf']
--------
06/01/23 11:43:26
['uploadedToServer.log', '第1章 绪论.pdf', '第2章 语料库 第3章 正则表达式.pdf', '第4章 中文分词技术.pdf', '第5章 词性标注与命名实体识别.pdf']
['uploadedToServer.log', '第1章 绪论.pdf', '第2章 语料库 第3章 正则表达式.pdf', '第4章 中文分词技术.pdf', '第5章 词性标注与命名实体识别.pdf']
--------
06/01/23 11:53:27
['uploadedToServer.log', '第1章 绪论.pdf', '第2章 语料库 第3章 正则表达式.pdf', '第4章 中文分词技术.pdf', '第5章 词性标注与命名实体识别.pdf']
['uploadedToServer.log', '第1章 绪论.pdf', '第2章 语料库 第3章 正则表达式.pdf', '第4章 中文分词技术.pdf', '第5章 词性标注与命名实体识别.pdf']
--------
06/01/23 12:13:26
['uploadedToServer.log', '第1章 绪论.pdf', '第2章 语料库 第3章 正则表达式.pdf', '第4章 中文分词技术.pdf', '第5章 词性标注与命名实体识别.pdf']
['uploadedToServer.log', '第1章 绪论.pdf', '第2章 语料库 第3章 正则表达式.pdf', '第4章 中文分词技术.pdf', '第5章 词性标注与命名实体识别.pdf']
--------
06/01/23 12:23:26
['uploadedToServer.log', '第1章 绪论.pdf', '第2章 语料库 第3章 正则表达式.pdf', '第4章 中文分词技术.pdf', '第5章 词性标注与命名实体识别.pdf']
['uploadedToServer.log', '第1章 绪论.pdf', '第2章 语料库 第3章 正则表达式.pdf', '第4章 中文分词技术.pdf', '第5章 词性标注与命名实体识别.pdf']
--------
Command 'ssh -p 15328 root@165.3.2.57 "ls /share" ' timed out after 1800 seconds 8
06/01/23 12:33:26
['uploadedToServer.log', '第1章 绪论.pdf', '第2章 语料库 第3章 正则表达式.pdf', '第4章 中文分词技术.pdf', '第5章 词性标注与命名实体识别.pdf']
['uploadedToServer.log', '第1章 绪论.pdf', '第2章 语料库 第3章 正则表达式.pdf', '第4章 中文分词技术.pdf', '第5章 词性标注与命名实体识别.pdf']
--------
06/01/23 12:03:26
['uploadedToServer.log', '第1章 绪论.pdf', '第2章 语料库 第3章 正则表达式.pdf', '第4章 中文分词技术.pdf', '第5章 词性标注与命名实体识别.pdf']
[]
scp -P 15328 -r  "E:/shareWithPhone/uploadedToServer.log"  "E:/shareWithPhone/第1章 绪论.pdf"  "E:/shareWithPhone/第2章 语料库 第3章 正则表达式.pdf"  "E:/shareWithPhone/第4章 中文分词技术.pdf"  "E:/shareWithPhone/第5章 词性标注与命名实体识别.pdf"  root@165.3.2.57:/share
--------
06/01/23 12:43:26
['uploadedToServer.log', '第1章 绪论.pdf', '第2章 语料库 第3章 正则表达式.pdf', '第4章 中文分词技术.pdf', '第5章 词性标注与命名实体识别.pdf']
['uploadedToServer.log', '第1章 绪论.pdf', '第2章 语料库 第3章 正则表达式.pdf', '第4章 中文分词技术.pdf', '第5章 词性标注与命名实体识别.pdf']
--------
06/01/23 12:53:26
['uploadedToServer.log', '第1章 绪论.pdf', '第2章 语料库 第3章 正则表达式.pdf', '第4章 中文分词技术.pdf', '第5章 词性标注与命名实体识别.pdf']
['uploadedToServer.log', '第1章 绪论.pdf', '第2章 语料库 第3章 正则表达式.pdf', '第4章 中文分词技术.pdf', '第5章 词性标注与命名实体识别.pdf']
--------
06/01/23 13:03:26
['uploadedToServer.log', '第1章 绪论.pdf', '第2章 语料库 第3章 正则表达式.pdf', '第4章 中文分词技术.pdf', '第5章 词性标注与命名实体识别.pdf']
['uploadedToServer.log', '第1章 绪论.pdf', '第2章 语料库 第3章 正则表达式.pdf', '第4章 中文分词技术.pdf', '第5章 词性标注与命名实体识别.pdf']
--------
06/01/23 13:13:26
['uploadedToServer.log', '第1章 绪论.pdf', '第2章 语料库 第3章 正则表达式.pdf', '第4章 中文分词技术.pdf', '第5章 词性标注与命名实体识别.pdf']
['uploadedToServer.log', '第1章 绪论.pdf', '第2章 语料库 第3章 正则表达式.pdf', '第4章 中文分词技术.pdf', '第5章 词性标注与命名实体识别.pdf']
--------
06/01/23 13:23:26
['uploadedToServer.log', '第1章 绪论.pdf', '第2章 语料库 第3章 正则表达式.pdf', '第4章 中文分词技术.pdf', '第5章 词性标注与命名实体识别.pdf']
['uploadedToServer.log', '第1章 绪论.pdf', '第2章 语料库 第3章 正则表达式.pdf', '第4章 中文分词技术.pdf', '第5章 词性标注与命名实体识别.pdf']
--------
06/01/23 13:33:26
['uploadedToServer.log', '第1章 绪论.pdf', '第2章 语料库 第3章 正则表达式.pdf', '第4章 中文分词技术.pdf', '第5章 词性标注与命名实体识别.pdf']
['uploadedToServer.log', '第1章 绪论.pdf', '第2章 语料库 第3章 正则表达式.pdf', '第4章 中文分词技术.pdf', '第5章 词性标注与命名实体识别.pdf']
--------
