06/13/23 20:14:12
['第1章 绪论.pdf', '第2章 语料库 第3章 正则表达式.pdf', '第4章 中文分词技术.pdf', '第5章 词性标注与命名实体识别.pdf']
['uploadedToServer.log', '第1章 绪论.pdf', '第2章 语料库 第3章 正则表达式.pdf', '第4章 中文分词技术.pdf', '第5章 词性标注与命名实体识别.pdf']
ssh -p 15328 root@165.3.2.57 "rm -rf  '/share/uploadedToServer.log' "
--------
06/13/23 21:15:07
['第1章 绪论.pdf', '第2章 语料库 第3章 正则表达式.pdf', '第4章 中文分词技术.pdf', '第5章 词性标注与命名实体识别.pdf']
['第1章 绪论.pdf', '第2章 语料库 第3章 正则表达式.pdf', '第4章 中文分词技术.pdf', '第5章 词性标注与命名实体识别.pdf']
--------
06/13/23 22:27:45
['第1章 绪论.pdf', '第2章 语料库 第3章 正则表达式.pdf', '第4章 中文分词技术.pdf', '第5章 词性标注与命名实体识别.pdf']
['第1章 绪论.pdf', '第2章 语料库 第3章 正则表达式.pdf', '第4章 中文分词技术.pdf', '第5章 词性标注与命名实体识别.pdf']
--------
06/13/23 22:53:17
['第1章 绪论.pdf', '第2章 语料库 第3章 正则表达式.pdf', '第4章 中文分词技术.pdf', '第5章 词性标注与命名实体识别.pdf']
[]
scp -P 15328 -r  "E:/shareWithPhone/第1章 绪论.pdf"  "E:/shareWithPhone/第2章 语料库 第3章 正则表达式.pdf"  "E:/shareWithPhone/第4章 中文分词技术.pdf"  "E:/shareWithPhone/第5章 词性标注与命名实体识别.pdf"  root@165.3.2.57:/share
--------
06/13/23 22:59:07
['第1章 绪论.pdf', '第2章 语料库 第3章 正则表达式.pdf', '第4章 中文分词技术.pdf', '第5章 词性标注与命名实体识别.pdf']
['第1章 绪论.pdf', '第2章 语料库 第3章 正则表达式.pdf', '第4章 中文分词技术.pdf', '第5章 词性标注与命名实体识别.pdf']
--------
06/13/23 23:05:30
['第1章 绪论.pdf', '第2章 语料库 第3章 正则表达式.pdf', '第4章 中文分词技术.pdf', '第5章 词性标注与命名实体识别.pdf']
['第1章 绪论.pdf', '第2章 语料库 第3章 正则表达式.pdf', '第4章 中文分词技术.pdf', '第5章 词性标注与命名实体识别.pdf']
--------
06/13/23 23:24:09
['第1章 绪论.pdf', '第2章 语料库 第3章 正则表达式.pdf', '第4章 中文分词技术.pdf', '第5章 词性标注与命名实体识别.pdf']
['第1章 绪论.pdf', '第2章 语料库 第3章 正则表达式.pdf', '第4章 中文分词技术.pdf', '第5章 词性标注与命名实体识别.pdf']
--------
Command 'ssh -p 15328 root@165.3.2.57 "ls /share" ' timed out after 1800 seconds 8
06/13/23 23:23:08
['第1章 绪论.pdf', '第2章 语料库 第3章 正则表达式.pdf', '第4章 中文分词技术.pdf', '第5章 词性标注与命名实体识别.pdf']
[]
scp -P 15328 -r  "E:/shareWithPhone/第1章 绪论.pdf"  "E:/shareWithPhone/第2章 语料库 第3章 正则表达式.pdf"  "E:/shareWithPhone/第4章 中文分词技术.pdf"  "E:/shareWithPhone/第5章 词性标注与命名实体识别.pdf"  root@165.3.2.57:/share
--------
06/13/23 23:54:09
['第1章 绪论.pdf', '第2章 语料库 第3章 正则表达式.pdf', '第4章 中文分词技术.pdf', '第5章 词性标注与命名实体识别.pdf']
['第1章 绪论.pdf', '第2章 语料库 第3章 正则表达式.pdf', '第4章 中文分词技术.pdf', '第5章 词性标注与命名实体识别.pdf']
--------
06/14/23 00:04:09
['第1章 绪论.pdf', '第2章 语料库 第3章 正则表达式.pdf', '第4章 中文分词技术.pdf', '第5章 词性标注与命名实体识别.pdf']
['第1章 绪论.pdf', '第2章 语料库 第3章 正则表达式.pdf', '第4章 中文分词技术.pdf', '第5章 词性标注与命名实体识别.pdf']
--------
06/14/23 00:14:09
['第1章 绪论.pdf', '第2章 语料库 第3章 正则表达式.pdf', '第4章 中文分词技术.pdf', '第5章 词性标注与命名实体识别.pdf']
['第1章 绪论.pdf', '第2章 语料库 第3章 正则表达式.pdf', '第4章 中文分词技术.pdf', '第5章 词性标注与命名实体识别.pdf']
--------
Command 'ssh -p 15328 root@165.3.2.57 "ls /share" ' timed out after 1800 seconds 8
06/14/23 00:24:09
['第1章 绪论.pdf', '第2章 语料库 第3章 正则表达式.pdf', '第4章 中文分词技术.pdf', '第5章 词性标注与命名实体识别.pdf']
['第1章 绪论.pdf', '第2章 语料库 第3章 正则表达式.pdf', '第4章 中文分词技术.pdf', '第5章 词性标注与命名实体识别.pdf']
--------
06/14/23 20:44:57
['第1章 绪论.pdf', '第2章 语料库 第3章 正则表达式.pdf', '第4章 中文分词技术.pdf', '第5章 词性标注与命名实体识别.pdf']
['第1章 绪论.pdf', '第2章 语料库 第3章 正则表达式.pdf', '第4章 中文分词技术.pdf', '第5章 词性标注与命名实体识别.pdf']
--------
06/14/23 21:19:10
['第1章 绪论.pdf', '第2章 语料库 第3章 正则表达式.pdf', '第4章 中文分词技术.pdf', '第5章 词性标注与命名实体识别.pdf']
['第1章 绪论.pdf', '第2章 语料库 第3章 正则表达式.pdf', '第4章 中文分词技术.pdf', '第5章 词性标注与命名实体识别.pdf']
--------
06/14/23 21:34:24
['第1章 绪论.pdf', '第2章 语料库 第3章 正则表达式.pdf', '第4章 中文分词技术.pdf', '第5章 词性标注与命名实体识别.pdf']
[]
scp -P 15328 -r  "E:/shareWithPhone/第1章 绪论.pdf"  "E:/shareWithPhone/第2章 语料库 第3章 正则表达式.pdf"  "E:/shareWithPhone/第4章 中文分词技术.pdf"  "E:/shareWithPhone/第5章 词性标注与命名实体识别.pdf"  root@165.3.2.57:/share
--------
06/14/23 21:34:27
['第1章 绪论.pdf', '第2章 语料库 第3章 正则表达式.pdf', '第4章 中文分词技术.pdf', '第5章 词性标注与命名实体识别.pdf']
[]
scp -P 15328 -r  "E:/shareWithPhone/第1章 绪论.pdf"  "E:/shareWithPhone/第2章 语料库 第3章 正则表达式.pdf"  "E:/shareWithPhone/第4章 中文分词技术.pdf"  "E:/shareWithPhone/第5章 词性标注与命名实体识别.pdf"  root@165.3.2.57:/share
--------
Command 'ssh -p 15328 root@165.3.2.57 "ls /share" ' timed out after 1800 seconds 8
06/14/23 21:08:17
['第1章 绪论.pdf', '第2章 语料库 第3章 正则表达式.pdf', '第4章 中文分词技术.pdf', '第5章 词性标注与命名实体识别.pdf']
[]
scp -P 15328 -r  "E:/shareWithPhone/第1章 绪论.pdf"  "E:/shareWithPhone/第2章 语料库 第3章 正则表达式.pdf"  "E:/shareWithPhone/第4章 中文分词技术.pdf"  "E:/shareWithPhone/第5章 词性标注与命名实体识别.pdf"  root@165.3.2.57:/share
--------
Command 'ssh -p 15328 root@165.3.2.57 "ls /share" ' timed out after 1800 seconds 8
06/14/23 22:14:10
['第1章 绪论.pdf', '第2章 语料库 第3章 正则表达式.pdf', '第4章 中文分词技术.pdf', '第5章 词性标注与命名实体识别.pdf']
['第1章 绪论.pdf', '第2章 语料库 第3章 正则表达式.pdf', '第4章 中文分词技术.pdf', '第5章 词性标注与命名实体识别.pdf']
--------
Command 'ssh -p 15328 root@165.3.2.57 "ls /share" ' timed out after 1800 seconds 8
06/14/23 22:24:10
['第1章 绪论.pdf', '第2章 语料库 第3章 正则表达式.pdf', '第4章 中文分词技术.pdf', '第5章 词性标注与命名实体识别.pdf']
['第1章 绪论.pdf', '第2章 语料库 第3章 正则表达式.pdf', '第4章 中文分词技术.pdf', '第5章 词性标注与命名实体识别.pdf']
--------
06/14/23 21:54:09
['第1章 绪论.pdf', '第2章 语料库 第3章 正则表达式.pdf', '第4章 中文分词技术.pdf', '第5章 词性标注与命名实体识别.pdf']
[]
scp -P 15328 -r  "E:/shareWithPhone/第1章 绪论.pdf"  "E:/shareWithPhone/第2章 语料库 第3章 正则表达式.pdf"  "E:/shareWithPhone/第4章 中文分词技术.pdf"  "E:/shareWithPhone/第5章 词性标注与命名实体识别.pdf"  root@165.3.2.57:/share
--------
Command 'ssh -p 15328 root@165.3.2.57 "ls /share" ' timed out after 1800 seconds 8
Command 'ssh -p 15328 root@165.3.2.57 "ls /share" ' timed out after 1800 seconds 8
06/14/23 22:43:44
['第1章 绪论.pdf', '第2章 语料库 第3章 正则表达式.pdf', '第4章 中文分词技术.pdf', '第5章 词性标注与命名实体识别.pdf']
['第1章 绪论.pdf', '第2章 语料库 第3章 正则表达式.pdf', '第4章 中文分词技术.pdf', '第5章 词性标注与命名实体识别.pdf']
--------
06/14/23 22:13:56
['第1章 绪论.pdf', '第2章 语料库 第3章 正则表达式.pdf', '第4章 中文分词技术.pdf', '第5章 词性标注与命名实体识别.pdf']
[]
scp -P 15328 -r  "E:/shareWithPhone/第1章 绪论.pdf"  "E:/shareWithPhone/第2章 语料库 第3章 正则表达式.pdf"  "E:/shareWithPhone/第4章 中文分词技术.pdf"  "E:/shareWithPhone/第5章 词性标注与命名实体识别.pdf"  root@165.3.2.57:/share
--------
Command 'ssh -p 15328 root@165.3.2.57 "ls /share" ' timed out after 1800 seconds 8
06/14/23 22:33:56
['第1章 绪论.pdf', '第2章 语料库 第3章 正则表达式.pdf', '第4章 中文分词技术.pdf', '第5章 词性标注与命名实体识别.pdf']
[]
scp -P 15328 -r  "E:/shareWithPhone/第1章 绪论.pdf"  "E:/shareWithPhone/第2章 语料库 第3章 正则表达式.pdf"  "E:/shareWithPhone/第4章 中文分词技术.pdf"  "E:/shareWithPhone/第5章 词性标注与命名实体识别.pdf"  root@165.3.2.57:/share
--------
Command 'ssh -p 15328 root@165.3.2.57 "ls /share" ' timed out after 1800 seconds 8
06/14/23 23:13:56
['第1章 绪论.pdf', '第2章 语料库 第3章 正则表达式.pdf', '第4章 中文分词技术.pdf', '第5章 词性标注与命名实体识别.pdf']
[]
scp -P 15328 -r  "E:/shareWithPhone/第1章 绪论.pdf"  "E:/shareWithPhone/第2章 语料库 第3章 正则表达式.pdf"  "E:/shareWithPhone/第4章 中文分词技术.pdf"  "E:/shareWithPhone/第5章 词性标注与命名实体识别.pdf"  root@165.3.2.57:/share
--------
06/14/23 23:17:52
['第1章 绪论.pdf', '第2章 语料库 第3章 正则表达式.pdf', '第4章 中文分词技术.pdf', '第5章 词性标注与命名实体识别.pdf']
['第1章 绪论.pdf', '第2章 语料库 第3章 正则表达式.pdf', '第4章 中文分词技术.pdf', '第5章 词性标注与命名实体识别.pdf']
--------
06/14/23 23:32:29
['第1章 绪论.pdf', '第2章 语料库 第3章 正则表达式.pdf', '第4章 中文分词技术.pdf', '第5章 词性标注与命名实体识别.pdf']
['第1章 绪论.pdf', '第2章 语料库 第3章 正则表达式.pdf', '第4章 中文分词技术.pdf', '第5章 词性标注与命名实体识别.pdf']
--------
06/14/23 23:34:10
['第1章 绪论.pdf', '第2章 语料库 第3章 正则表达式.pdf', '第4章 中文分词技术.pdf', '第5章 词性标注与命名实体识别.pdf']
['第1章 绪论.pdf', '第2章 语料库 第3章 正则表达式.pdf', '第4章 中文分词技术.pdf', '第5章 词性标注与命名实体识别.pdf']
--------
06/14/23 23:44:10
['第1章 绪论.pdf', '第2章 语料库 第3章 正则表达式.pdf', '第4章 中文分词技术.pdf', '第5章 词性标注与命名实体识别.pdf']
['第1章 绪论.pdf', '第2章 语料库 第3章 正则表达式.pdf', '第4章 中文分词技术.pdf', '第5章 词性标注与命名实体识别.pdf']
--------
06/14/23 23:54:10
['第1章 绪论.pdf', '第2章 语料库 第3章 正则表达式.pdf', '第4章 中文分词技术.pdf', '第5章 词性标注与命名实体识别.pdf']
['第1章 绪论.pdf', '第2章 语料库 第3章 正则表达式.pdf', '第4章 中文分词技术.pdf', '第5章 词性标注与命名实体识别.pdf']
--------
06/15/23 00:04:10
['第1章 绪论.pdf', '第2章 语料库 第3章 正则表达式.pdf', '第4章 中文分词技术.pdf', '第5章 词性标注与命名实体识别.pdf']
['第1章 绪论.pdf', '第2章 语料库 第3章 正则表达式.pdf', '第4章 中文分词技术.pdf', '第5章 词性标注与命名实体识别.pdf']
--------
06/15/23 00:14:17
['第1章 绪论.pdf', '第2章 语料库 第3章 正则表达式.pdf', '第4章 中文分词技术.pdf', '第5章 词性标注与命名实体识别.pdf']
['第1章 绪论.pdf', '第2章 语料库 第3章 正则表达式.pdf', '第4章 中文分词技术.pdf', '第5章 词性标注与命名实体识别.pdf']
--------
06/15/23 00:36:35
['第1章 绪论.pdf', '第2章 语料库 第3章 正则表达式.pdf', '第4章 中文分词技术.pdf', '第5章 词性标注与命名实体识别.pdf']
['第1章 绪论.pdf', '第2章 语料库 第3章 正则表达式.pdf', '第4章 中文分词技术.pdf', '第5章 词性标注与命名实体识别.pdf']
--------
06/15/23 00:44:27
['第1章 绪论.pdf', '第2章 语料库 第3章 正则表达式.pdf', '第4章 中文分词技术.pdf', '第5章 词性标注与命名实体识别.pdf']
[]
scp -P 15328 -r  "E:/shareWithPhone/第1章 绪论.pdf"  "E:/shareWithPhone/第2章 语料库 第3章 正则表达式.pdf"  "E:/shareWithPhone/第4章 中文分词技术.pdf"  "E:/shareWithPhone/第5章 词性标注与命名实体识别.pdf"  root@165.3.2.57:/share
--------
06/15/23 01:14:10
['第1章 绪论.pdf', '第2章 语料库 第3章 正则表达式.pdf', '第4章 中文分词技术.pdf', '第5章 词性标注与命名实体识别.pdf']
['第1章 绪论.pdf', '第2章 语料库 第3章 正则表达式.pdf', '第4章 中文分词技术.pdf', '第5章 词性标注与命名实体识别.pdf']
--------
Command 'ssh -p 15328 root@165.3.2.57 "ls /share" ' timed out after 1800 seconds 8
06/15/23 01:24:10
['第1章 绪论.pdf', '第2章 语料库 第3章 正则表达式.pdf', '第4章 中文分词技术.pdf', '第5章 词性标注与命名实体识别.pdf']
['第1章 绪论.pdf', '第2章 语料库 第3章 正则表达式.pdf', '第4章 中文分词技术.pdf', '第5章 词性标注与命名实体识别.pdf']
--------
06/15/23 00:54:14
['第1章 绪论.pdf', '第2章 语料库 第3章 正则表达式.pdf', '第4章 中文分词技术.pdf', '第5章 词性标注与命名实体识别.pdf']
[]
scp -P 15328 -r  "E:/shareWithPhone/第1章 绪论.pdf"  "E:/shareWithPhone/第2章 语料库 第3章 正则表达式.pdf"  "E:/shareWithPhone/第4章 中文分词技术.pdf"  "E:/shareWithPhone/第5章 词性标注与命名实体识别.pdf"  root@165.3.2.57:/share
--------
Command 'ssh -p 15328 root@165.3.2.57 "ls /share" ' timed out after 1800 seconds 8
06/15/23 01:34:10
['第1章 绪论.pdf', '第2章 语料库 第3章 正则表达式.pdf', '第4章 中文分词技术.pdf', '第5章 词性标注与命名实体识别.pdf']
['第1章 绪论.pdf', '第2章 语料库 第3章 正则表达式.pdf', '第4章 中文分词技术.pdf', '第5章 词性标注与命名实体识别.pdf']
--------
06/15/23 01:44:10
['第1章 绪论.pdf', '第2章 语料库 第3章 正则表达式.pdf', '第4章 中文分词技术.pdf', '第5章 词性标注与命名实体识别.pdf']
['第1章 绪论.pdf', '第2章 语料库 第3章 正则表达式.pdf', '第4章 中文分词技术.pdf', '第5章 词性标注与命名实体识别.pdf']
--------
06/15/23 01:54:10
['第1章 绪论.pdf', '第2章 语料库 第3章 正则表达式.pdf', '第4章 中文分词技术.pdf', '第5章 词性标注与命名实体识别.pdf']
['第1章 绪论.pdf', '第2章 语料库 第3章 正则表达式.pdf', '第4章 中文分词技术.pdf', '第5章 词性标注与命名实体识别.pdf']
--------
06/15/23 23:04:16
['第1章 绪论.pdf', '第2章 语料库 第3章 正则表达式.pdf', '第4章 中文分词技术.pdf', '第5章 词性标注与命名实体识别.pdf']
['第1章 绪论.pdf', '第2章 语料库 第3章 正则表达式.pdf', '第4章 中文分词技术.pdf', '第5章 词性标注与命名实体识别.pdf']
--------
06/15/23 23:14:12
['第1章 绪论.pdf', '第2章 语料库 第3章 正则表达式.pdf', '第4章 中文分词技术.pdf', '第5章 词性标注与命名实体识别.pdf']
['第1章 绪论.pdf', '第2章 语料库 第3章 正则表达式.pdf', '第4章 中文分词技术.pdf', '第5章 词性标注与命名实体识别.pdf']
--------
06/15/23 23:24:12
['第1章 绪论.pdf', '第2章 语料库 第3章 正则表达式.pdf', '第4章 中文分词技术.pdf', '第5章 词性标注与命名实体识别.pdf']
['第1章 绪论.pdf', '第2章 语料库 第3章 正则表达式.pdf', '第4章 中文分词技术.pdf', '第5章 词性标注与命名实体识别.pdf']
--------
06/15/23 23:34:12
['第1章 绪论.pdf', '第2章 语料库 第3章 正则表达式.pdf', '第4章 中文分词技术.pdf', '第5章 词性标注与命名实体识别.pdf']
['第1章 绪论.pdf', '第2章 语料库 第3章 正则表达式.pdf', '第4章 中文分词技术.pdf', '第5章 词性标注与命名实体识别.pdf']
--------
06/16/23 00:02:11
['第1章 绪论.pdf', '第2章 语料库 第3章 正则表达式.pdf', '第4章 中文分词技术.pdf', '第5章 词性标注与命名实体识别.pdf']
['第1章 绪论.pdf', '第2章 语料库 第3章 正则表达式.pdf', '第4章 中文分词技术.pdf', '第5章 词性标注与命名实体识别.pdf']
--------
06/16/23 00:04:12
['第1章 绪论.pdf', '第2章 语料库 第3章 正则表达式.pdf', '第4章 中文分词技术.pdf', '第5章 词性标注与命名实体识别.pdf']
['第1章 绪论.pdf', '第2章 语料库 第3章 正则表达式.pdf', '第4章 中文分词技术.pdf', '第5章 词性标注与命名实体识别.pdf']
--------
06/16/23 19:26:17
['第1章 绪论.pdf', '第2章 语料库 第3章 正则表达式.pdf', '第4章 中文分词技术.pdf', '第5章 词性标注与命名实体识别.pdf']
['第1章 绪论.pdf', '第2章 语料库 第3章 正则表达式.pdf', '第4章 中文分词技术.pdf', '第5章 词性标注与命名实体识别.pdf']
--------
06/16/23 19:34:12
['第1章 绪论.pdf', '第2章 语料库 第3章 正则表达式.pdf', '第4章 中文分词技术.pdf', '第5章 词性标注与命名实体识别.pdf']
['第1章 绪论.pdf', '第2章 语料库 第3章 正则表达式.pdf', '第4章 中文分词技术.pdf', '第5章 词性标注与命名实体识别.pdf']
--------
06/16/23 19:44:12
['第1章 绪论.pdf', '第2章 语料库 第3章 正则表达式.pdf', '第4章 中文分词技术.pdf', '第5章 词性标注与命名实体识别.pdf']
['第1章 绪论.pdf', '第2章 语料库 第3章 正则表达式.pdf', '第4章 中文分词技术.pdf', '第5章 词性标注与命名实体识别.pdf']
--------
06/16/23 19:54:13
['第1章 绪论.pdf', '第2章 语料库 第3章 正则表达式.pdf', '第4章 中文分词技术.pdf', '第5章 词性标注与命名实体识别.pdf']
['第1章 绪论.pdf', '第2章 语料库 第3章 正则表达式.pdf', '第4章 中文分词技术.pdf', '第5章 词性标注与命名实体识别.pdf']
--------
06/16/23 20:04:13
['第1章 绪论.pdf', '第2章 语料库 第3章 正则表达式.pdf', '第4章 中文分词技术.pdf', '第5章 词性标注与命名实体识别.pdf']
['第1章 绪论.pdf', '第2章 语料库 第3章 正则表达式.pdf', '第4章 中文分词技术.pdf', '第5章 词性标注与命名实体识别.pdf']
--------
06/16/23 20:14:13
['第1章 绪论.pdf', '第2章 语料库 第3章 正则表达式.pdf', '第4章 中文分词技术.pdf', '第5章 词性标注与命名实体识别.pdf']
['第1章 绪论.pdf', '第2章 语料库 第3章 正则表达式.pdf', '第4章 中文分词技术.pdf', '第5章 词性标注与命名实体识别.pdf']
--------
06/16/23 20:24:12
['第1章 绪论.pdf', '第2章 语料库 第3章 正则表达式.pdf', '第4章 中文分词技术.pdf', '第5章 词性标注与命名实体识别.pdf']
['第1章 绪论.pdf', '第2章 语料库 第3章 正则表达式.pdf', '第4章 中文分词技术.pdf', '第5章 词性标注与命名实体识别.pdf']
--------
06/16/23 20:44:12
['第1章 绪论.pdf', '第2章 语料库 第3章 正则表达式.pdf', '第4章 中文分词技术.pdf', '第5章 词性标注与命名实体识别.pdf']
['第1章 绪论.pdf', '第2章 语料库 第3章 正则表达式.pdf', '第4章 中文分词技术.pdf', '第5章 词性标注与命名实体识别.pdf']
--------
06/16/23 21:01:11
['第1章 绪论.pdf', '第2章 语料库 第3章 正则表达式.pdf', '第4章 中文分词技术.pdf', '第5章 词性标注与命名实体识别.pdf']
['第1章 绪论.pdf', '第2章 语料库 第3章 正则表达式.pdf', '第4章 中文分词技术.pdf', '第5章 词性标注与命名实体识别.pdf']
--------
Command 'ssh -p 15328 root@165.3.2.57 "ls /share" ' timed out after 1800 seconds 8
06/16/23 21:04:13
['第1章 绪论.pdf', '第2章 语料库 第3章 正则表达式.pdf', '第4章 中文分词技术.pdf', '第5章 词性标注与命名实体识别.pdf']
['第1章 绪论.pdf', '第2章 语料库 第3章 正则表达式.pdf', '第4章 中文分词技术.pdf', '第5章 词性标注与命名实体识别.pdf']
--------
06/16/23 21:14:12
['第1章 绪论.pdf', '第2章 语料库 第3章 正则表达式.pdf', '第4章 中文分词技术.pdf', '第5章 词性标注与命名实体识别.pdf']
['第1章 绪论.pdf', '第2章 语料库 第3章 正则表达式.pdf', '第4章 中文分词技术.pdf', '第5章 词性标注与命名实体识别.pdf']
--------
06/16/23 21:24:12
['第1章 绪论.pdf', '第2章 语料库 第3章 正则表达式.pdf', '第4章 中文分词技术.pdf', '第5章 词性标注与命名实体识别.pdf']
['第1章 绪论.pdf', '第2章 语料库 第3章 正则表达式.pdf', '第4章 中文分词技术.pdf', '第5章 词性标注与命名实体识别.pdf']
--------
Command 'ssh -p 15328 root@165.3.2.57 "ls /share" ' timed out after 1800 seconds 8
06/16/23 21:34:12
['第1章 绪论.pdf', '第2章 语料库 第3章 正则表达式.pdf', '第4章 中文分词技术.pdf', '第5章 词性标注与命名实体识别.pdf']
['第1章 绪论.pdf', '第2章 语料库 第3章 正则表达式.pdf', '第4章 中文分词技术.pdf', '第5章 词性标注与命名实体识别.pdf']
--------
06/16/23 21:03:58
['第1章 绪论.pdf', '第2章 语料库 第3章 正则表达式.pdf', '第4章 中文分词技术.pdf', '第5章 词性标注与命名实体识别.pdf']
[]
scp -P 15328 -r  "E:/shareWithPhone/第1章 绪论.pdf"  "E:/shareWithPhone/第2章 语料库 第3章 正则表达式.pdf"  "E:/shareWithPhone/第4章 中文分词技术.pdf"  "E:/shareWithPhone/第5章 词性标注与命名实体识别.pdf"  root@165.3.2.57:/share
--------
06/16/23 21:44:13
['第1章 绪论.pdf', '第2章 语料库 第3章 正则表达式.pdf', '第4章 中文分词技术.pdf', '第5章 词性标注与命名实体识别.pdf']
['第1章 绪论.pdf', '第2章 语料库 第3章 正则表达式.pdf', '第4章 中文分词技术.pdf', '第5章 词性标注与命名实体识别.pdf']
--------
06/16/23 21:58:55
['第1章 绪论.pdf', '第2章 语料库 第3章 正则表达式.pdf', '第4章 中文分词技术.pdf', '第5章 词性标注与命名实体识别.pdf']
['第1章 绪论.pdf', '第2章 语料库 第3章 正则表达式.pdf', '第4章 中文分词技术.pdf', '第5章 词性标注与命名实体识别.pdf']
--------
06/16/23 22:04:12
['第1章 绪论.pdf', '第2章 语料库 第3章 正则表达式.pdf', '第4章 中文分词技术.pdf', '第5章 词性标注与命名实体识别.pdf']
['第1章 绪论.pdf', '第2章 语料库 第3章 正则表达式.pdf', '第4章 中文分词技术.pdf', '第5章 词性标注与命名实体识别.pdf']
--------
06/16/23 22:14:18
['第1章 绪论.pdf', '第2章 语料库 第3章 正则表达式.pdf', '第4章 中文分词技术.pdf', '第5章 词性标注与命名实体识别.pdf']
['第1章 绪论.pdf', '第2章 语料库 第3章 正则表达式.pdf', '第4章 中文分词技术.pdf', '第5章 词性标注与命名实体识别.pdf']
--------
06/16/23 22:24:19
['第1章 绪论.pdf', '第2章 语料库 第3章 正则表达式.pdf', '第4章 中文分词技术.pdf', '第5章 词性标注与命名实体识别.pdf']
['第1章 绪论.pdf', '第2章 语料库 第3章 正则表达式.pdf', '第4章 中文分词技术.pdf', '第5章 词性标注与命名实体识别.pdf']
--------
06/16/23 22:34:13
['第1章 绪论.pdf', '第2章 语料库 第3章 正则表达式.pdf', '第4章 中文分词技术.pdf', '第5章 词性标注与命名实体识别.pdf']
['第1章 绪论.pdf', '第2章 语料库 第3章 正则表达式.pdf', '第4章 中文分词技术.pdf', '第5章 词性标注与命名实体识别.pdf']
--------
